app/build/intermediates/manifest_merge_blame_file/debug/manifest-merger-blame-debug-report.txt
1<?xml version="1.0" encoding="utf-8"?>
2<manifest xmlns:android="http://schemas.android.com/apk/res/android"
3    package="com.rohitrj.styles"
4    android:versionCode="1"
5    android:versionName="1.0" >
6
7    <uses-sdk
8        android:minSdkVersion="21"
8-->src/main/AndroidManifest.xml
9        android:targetSdkVersion="29" />
9-->src/main/AndroidManifest.xml
10
11    <uses-permission android:name="android.permission.ACCESS_NETWORK_STATE" />
11-->src/main/AndroidManifest.xml:6:5-79
11-->src/main/AndroidManifest.xml:6:22-76
12    <uses-permission android:name="android.permission.INTERNET" />
12-->src/main/AndroidManifest.xml:7:5-67
12-->src/main/AndroidManifest.xml:7:22-64
13    <uses-permission android:name="android.permission.WAKE_LOCK" />
13-->[com.google.android.gms:play-services-measurement:17.2.1] AndroidManifest.xml:25:5-68
13-->[com.google.android.gms:play-services-measurement:17.2.1] AndroidManifest.xml:25:22-65
14    <uses-permission android:name="com.google.android.finsky.permission.BIND_GET_INSTALL_REFERRER_SERVICE" /> <!-- Required by older versions of Google Play services to create IID tokens -->
14-->[com.google.android.gms:play-services-measurement:17.2.1] AndroidManifest.xml:26:5-110
14-->[com.google.android.gms:play-services-measurement:17.2.1] AndroidManifest.xml:26:22-107
15    <uses-permission android:name="com.google.android.c2dm.permission.RECEIVE" />
15-->[com.google.firebase:firebase-iid:19.0.0] AndroidManifest.xml:26:5-82
15-->[com.google.firebase:firebase-iid:19.0.0] AndroidManifest.xml:26:22-79
16
17    <application
17-->src/main/AndroidManifest.xml:9:5-52:19
18        android:allowBackup="true"
18-->src/main/AndroidManifest.xml:10:9-35
19        android:appComponentFactory="androidx.core.app.CoreComponentFactory"
19-->[androidx.core:core:1.1.0] AndroidManifest.xml:24:18-86
20        android:debuggable="true"
21        android:icon="@mipmap/ic_launcher"
21-->src/main/AndroidManifest.xml:11:9-43
22        android:label="@string/app_name"
22-->src/main/AndroidManifest.xml:12:9-41
23        android:roundIcon="@mipmap/ic_launcher_round"
23-->src/main/AndroidManifest.xml:13:9-54
24        android:supportsRtl="true"
24-->src/main/AndroidManifest.xml:14:9-35
25        android:testOnly="true"
26        android:theme="@style/AppTheme" >
26-->src/main/AndroidManifest.xml:15:9-40
27        <activity
27-->src/main/AndroidManifest.xml:16:9-23:35
28            android:name="com.rohitrj.styles.ui.erroractivity.ErrorActivity"
28-->src/main/AndroidManifest.xml:17:13-59
29            android:launchMode="singleInstance"
29-->src/main/AndroidManifest.xml:19:13-48
30            android:resizeableActivity="false"
30-->src/main/AndroidManifest.xml:18:13-47
31            android:screenOrientation="portrait"
31-->src/main/AndroidManifest.xml:20:13-49
32            android:theme="@style/AppThemeNoActionBar" />
32-->src/main/AndroidManifest.xml:21:13-55
33        <activity
33-->src/main/AndroidManifest.xml:24:9-36:20
34            android:name="com.rohitrj.styles.ui.splashactivity.SplashActivity"
34-->src/main/AndroidManifest.xml:25:13-61
35            android:resizeableActivity="false"
35-->src/main/AndroidManifest.xml:26:13-47
36            android:screenOrientation="portrait"
36-->src/main/AndroidManifest.xml:27:13-49
37            android:theme="@style/AppThemeNoActionBar" >
37-->src/main/AndroidManifest.xml:28:13-55
38            <intent-filter>
38-->src/main/AndroidManifest.xml:31:13-35:29
39                <action android:name="android.intent.action.MAIN" />
39-->src/main/AndroidManifest.xml:32:17-69
39-->src/main/AndroidManifest.xml:32:25-66
40
41                <category android:name="android.intent.category.LAUNCHER" />
41-->src/main/AndroidManifest.xml:34:17-77
41-->src/main/AndroidManifest.xml:34:27-74
42            </intent-filter>
43        </activity>
44        <activity
44-->src/main/AndroidManifest.xml:37:9-43:35
45            android:name="com.rohitrj.styles.ui.mainactivity.MainActivity"
45-->src/main/AndroidManifest.xml:38:13-57
46            android:resizeableActivity="false"
46-->src/main/AndroidManifest.xml:39:13-47
47            android:screenOrientation="portrait"
47-->src/main/AndroidManifest.xml:41:13-49
48            android:theme="@style/AppThemeNoActionBar" />
48-->src/main/AndroidManifest.xml:40:13-55
49
50        <receiver android:name="com.rohitrj.styles.reciever.NetworkChangeReceiver" >
50-->src/main/AndroidManifest.xml:45:9-51:20
50-->src/main/AndroidManifest.xml:45:19-65
51            <intent-filter>
51-->src/main/AndroidManifest.xml:46:13-50:29
52                <action android:name="android.net.conn.CONNECTIVITY_CHANGE" />
52-->src/main/AndroidManifest.xml:47:17-49:50
52-->src/main/AndroidManifest.xml:48:21-72
53            </intent-filter>
54        </receiver>
55        <receiver
55-->[com.google.android.gms:play-services-measurement:17.2.1] AndroidManifest.xml:29:9-33:20
56            android:name="com.google.android.gms.measurement.AppMeasurementReceiver"
56-->[com.google.android.gms:play-services-measurement:17.2.1] AndroidManifest.xml:30:13-85
57            android:enabled="true"
57-->[com.google.android.gms:play-services-measurement:17.2.1] AndroidManifest.xml:31:13-35
58            android:exported="false" >
58-->[com.google.android.gms:play-services-measurement:17.2.1] AndroidManifest.xml:32:13-37
59        </receiver>
60        <receiver
60-->[com.google.android.gms:play-services-measurement:17.2.1] AndroidManifest.xml:34:9-42:20
61            android:name="com.google.android.gms.measurement.AppMeasurementInstallReferrerReceiver"
61-->[com.google.android.gms:play-services-measurement:17.2.1] AndroidManifest.xml:35:13-100
62            android:enabled="true"
62-->[com.google.android.gms:play-services-measurement:17.2.1] AndroidManifest.xml:36:13-35
63            android:exported="true"
63-->[com.google.android.gms:play-services-measurement:17.2.1] AndroidManifest.xml:37:13-36
64            android:permission="android.permission.INSTALL_PACKAGES" >
64-->[com.google.android.gms:play-services-measurement:17.2.1] AndroidManifest.xml:38:13-69
65            <intent-filter>
65-->[com.google.android.gms:play-services-measurement:17.2.1] AndroidManifest.xml:39:13-41:29
66                <action android:name="com.android.vending.INSTALL_REFERRER" />
66-->[com.google.android.gms:play-services-measurement:17.2.1] AndroidManifest.xml:40:17-79
66-->[com.google.android.gms:play-services-measurement:17.2.1] AndroidManifest.xml:40:25-76
67            </intent-filter>
68        </receiver>
69
70        <service
70-->[com.google.android.gms:play-services-measurement:17.2.1] AndroidManifest.xml:44:9-47:40
71            android:name="com.google.android.gms.measurement.AppMeasurementService"
71-->[com.google.android.gms:play-services-measurement:17.2.1] AndroidManifest.xml:45:13-84
72            android:enabled="true"
72-->[com.google.android.gms:play-services-measurement:17.2.1] AndroidManifest.xml:46:13-35
73            android:exported="false" />
73-->[com.google.android.gms:play-services-measurement:17.2.1] AndroidManifest.xml:47:13-37
74        <service
74-->[com.google.android.gms:play-services-measurement:17.2.1] AndroidManifest.xml:48:9-52:72
75            android:name="com.google.android.gms.measurement.AppMeasurementJobService"
75-->[com.google.android.gms:play-services-measurement:17.2.1] AndroidManifest.xml:49:13-87
76            android:enabled="true"
76-->[com.google.android.gms:play-services-measurement:17.2.1] AndroidManifest.xml:50:13-35
77            android:exported="false"
77-->[com.google.android.gms:play-services-measurement:17.2.1] AndroidManifest.xml:51:13-37
78            android:permission="android.permission.BIND_JOB_SERVICE" />
78-->[com.google.android.gms:play-services-measurement:17.2.1] AndroidManifest.xml:52:13-69
79        <service
79-->[com.google.android.gms:play-services-measurement-api:17.2.1] AndroidManifest.xml:27:9-33:19
80            android:name="com.google.firebase.components.ComponentDiscoveryService"
80-->[com.google.android.gms:play-services-measurement-api:17.2.1] AndroidManifest.xml:28:13-84
81            android:exported="false" >
81-->[com.google.android.gms:play-services-measurement-api:17.2.1] AndroidManifest.xml:29:13-37
82            <meta-data
82-->[com.google.android.gms:play-services-measurement-api:17.2.1] AndroidManifest.xml:30:13-32:85
83                android:name="com.google.firebase.components:com.google.firebase.analytics.connector.internal.AnalyticsConnectorRegistrar"
83-->[com.google.android.gms:play-services-measurement-api:17.2.1] AndroidManifest.xml:31:17-139
84                android:value="com.google.firebase.components.ComponentRegistrar" />
84-->[com.google.android.gms:play-services-measurement-api:17.2.1] AndroidManifest.xml:32:17-82
85            <meta-data
85-->[com.google.firebase:firebase-iid:19.0.0] AndroidManifest.xml:32:13-34:85
86                android:name="com.google.firebase.components:com.google.firebase.iid.Registrar"
86-->[com.google.firebase:firebase-iid:19.0.0] AndroidManifest.xml:33:17-96
87                android:value="com.google.firebase.components.ComponentRegistrar" />
87-->[com.google.firebase:firebase-iid:19.0.0] AndroidManifest.xml:34:17-82
88        </service>
89
90        <receiver
90-->[com.google.firebase:firebase-iid:19.0.0] AndroidManifest.xml:37:9-44:20
91            android:name="com.google.firebase.iid.FirebaseInstanceIdReceiver"
91-->[com.google.firebase:firebase-iid:19.0.0] AndroidManifest.xml:38:13-78
92            android:exported="true"
92-->[com.google.firebase:firebase-iid:19.0.0] AndroidManifest.xml:39:13-36
93            android:permission="com.google.android.c2dm.permission.SEND" >
93-->[com.google.firebase:firebase-iid:19.0.0] AndroidManifest.xml:40:13-73
94            <intent-filter>
94-->[com.google.firebase:firebase-iid:19.0.0] AndroidManifest.xml:41:13-43:29
95                <action android:name="com.google.android.c2dm.intent.RECEIVE" />
95-->[com.google.firebase:firebase-iid:19.0.0] AndroidManifest.xml:42:17-81
95-->[com.google.firebase:firebase-iid:19.0.0] AndroidManifest.xml:42:25-78
96            </intent-filter>
97        </receiver>
98
99        <provider
99-->[com.google.firebase:firebase-common:19.0.0] AndroidManifest.xml:12:9-16:39
100            android:name="com.google.firebase.provider.FirebaseInitProvider"
100-->[com.google.firebase:firebase-common:19.0.0] AndroidManifest.xml:13:13-77
101            android:authorities="com.rohitrj.styles.firebaseinitprovider"
101-->[com.google.firebase:firebase-common:19.0.0] AndroidManifest.xml:14:13-72
102            android:exported="false"
102-->[com.google.firebase:firebase-common:19.0.0] AndroidManifest.xml:15:13-37
103            android:initOrder="100" />
103-->[com.google.firebase:firebase-common:19.0.0] AndroidManifest.xml:16:13-36
104
105        <activity
105-->[com.google.android.gms:play-services-base:17.0.0] AndroidManifest.xml:23:9-26:75
106            android:name="com.google.android.gms.common.api.GoogleApiActivity"
106-->[com.google.android.gms:play-services-base:17.0.0] AndroidManifest.xml:24:13-79
107            android:exported="false"
107-->[com.google.android.gms:play-services-base:17.0.0] AndroidManifest.xml:25:13-37
108            android:theme="@android:style/Theme.Translucent.NoTitleBar" />
108-->[com.google.android.gms:play-services-base:17.0.0] AndroidManifest.xml:26:13-72
109
110        <meta-data
110-->[com.google.android.gms:play-services-basement:17.0.0] AndroidManifest.xml:23:9-25:69
111            android:name="com.google.android.gms.version"
111-->[com.google.android.gms:play-services-basement:17.0.0] AndroidManifest.xml:24:13-58
112            android:value="@integer/google_play_services_version" />
112-->[com.google.android.gms:play-services-basement:17.0.0] AndroidManifest.xml:25:13-66
113
114        <provider
114-->[androidx.lifecycle:lifecycle-process:2.1.0] AndroidManifest.xml:23:9-27:43
115            android:name="androidx.lifecycle.ProcessLifecycleOwnerInitializer"
115-->[androidx.lifecycle:lifecycle-process:2.1.0] AndroidManifest.xml:24:13-79
116            android:authorities="com.rohitrj.styles.lifecycle-process"
116-->[androidx.lifecycle:lifecycle-process:2.1.0] AndroidManifest.xml:25:13-69
117            android:exported="false"
117-->[androidx.lifecycle:lifecycle-process:2.1.0] AndroidManifest.xml:26:13-37
118            android:multiprocess="true" />
118-->[androidx.lifecycle:lifecycle-process:2.1.0] AndroidManifest.xml:27:13-40
119    </application>
120
121</manifest>